2025-06-20 10:47:58,765 - WARNING - No company name column found. Available columns: ['COMPANY NAME', 'SECURITY TYPE', 'ISSUE PRICE', 'Symbol', 'ISSUE START DATE', 'ISSUE END DATE', 'PRICE RANGE', 'DATE OF LISTING']
2025-06-20 10:47:58,769 - INFO - Loaded existing news database with 0 articles
2025-06-20 10:49:05,896 - WARNING - No company name column found. Available columns: ['COMPANY NAME', 'SECURITY TYPE', 'ISSUE PRICE', 'Symbol', 'ISSUE START DATE', 'ISSUE END DATE', 'PRICE RANGE', 'DATE OF LISTING']
2025-06-20 10:49:05,898 - INFO - Loaded existing news database with 0 articles
2025-06-20 10:49:25,178 - INFO - Querying news for: Swiggy Limited
2025-06-20 10:49:25,181 - INFO - Direct match found: {'COMPANY NAME': 'Swiggy Limited', 'SECURITY TYPE': 'EQ', 'ISSUE PRICE': 390, 'Symbol': 'SWIGGY', 'ISSUE START DATE': '06-NOV-2024', 'ISSUE END DATE': '08-NOV-2024', 'PRICE RANGE': 'Rs.371 to Rs.390', 'DATE OF LISTING': '13-NOV-2024', 'matched_query': 'Swiggy Limited', 'match_score': 1.0}
2025-06-20 10:49:25,182 - INFO - Generated search terms: ['Swiggy Limited', 'Swiggy', 'Swiggy Limited IPO', 'Swiggy Limited shares', 'Swiggy Limited stock', 'Swiggy Limited listing', 'Swiggy Limited market', 'Swiggy Limited financial results']
2025-06-20 10:49:25,182 - INFO - Scraping moneycontrol for Swiggy Limited
2025-06-20 10:49:25,182 - INFO - Trying: https://www.moneycontrol.com/news/tags/swiggy-limited.html
2025-06-20 10:49:25,596 - INFO - Found 86 potential article links
2025-06-20 10:49:31,362 - INFO - Trying: https://www.moneycontrol.com/india/stockpricequote/swiggy-limited
2025-06-20 10:49:32,583 - INFO - WebDriver initialized successfully
2025-06-20 10:49:46,842 - INFO - Trying: https://www.google.com/search?q=site:moneycontrol.com swiggy-limited news
2025-06-20 10:49:47,116 - INFO - Found 0 potential article links
2025-06-20 10:49:48,121 - INFO - Trying: https://www.moneycontrol.com/news/tags/swiggy.html
2025-06-20 10:49:49,121 - INFO - Found 32 potential article links
2025-06-20 10:49:52,888 - INFO - Trying: https://www.moneycontrol.com/news/tags/swiggy-limited-ipo.html
2025-06-20 10:49:53,263 - INFO - Found 86 potential article links
2025-06-20 10:49:57,690 - INFO - Found 2 articles from moneycontrol
2025-06-20 10:49:59,696 - INFO - Scraping livemint for Swiggy Limited
2025-06-20 10:49:59,697 - INFO - Trying: https://www.livemint.com/search?q=swiggy-limited
2025-06-20 10:49:59,938 - INFO - Found 48 potential article links
2025-06-20 10:50:03,164 - INFO - Trying: https://www.livemint.com/search?q=swiggy
2025-06-20 10:50:03,392 - INFO - Found 48 potential article links
2025-06-20 10:50:06,573 - INFO - Trying: https://www.livemint.com/search?q=swiggy-limited-ipo
2025-06-20 10:50:06,761 - INFO - Found 48 potential article links
2025-06-20 10:50:09,845 - INFO - Found 3 articles from livemint
2025-06-20 10:50:11,850 - INFO - Found 3 unique relevant articles for Swiggy Limited
2025-06-20 10:50:11,865 - INFO - Saved 3 new articles. Total: 3
